[+] Containers:
 |- [+] Container: /Game/Level1
 |   |- [+] ActorDescs:
 |   |   |- Guid:03920DF94EEFC9F86CC66185D32A3DA1 BaseClass: NativeClass:/Script/Engine.StaticMeshActor Name:StaticMeshActor_UAID_A4AE111137DC54FB00_1240666663 Label:SM_SkySphere SpatiallyLoaded:0 Bounds:IsValid=true, Min=(X=-4096.000 Y=-4096.000 Z=-4096.000), Max=(X=4096.000 Y=4096.000 Z=4096.000) RuntimeGrid:None EditorOnly:0 RuntimeOnly:0 HLODRelevant:0 FolderPath:Lighting FolderGuid:B7E9BD5B45A652654791988DEF54CCEB
 |   |   |- Guid:10FE384C49AAACAC3E1B95B5C52D2405 BaseClass: NativeClass:/Script/Engine.StaticMeshActor Name:StaticMeshActor_UAID_A85E45E3C38900B601_1407698358 Label:Building 5 SpatiallyLoaded:1 Bounds:IsValid=true, Min=(X=-217795.000 Y=-450012.500 Z=11550.000), Max=(X=-189645.000 Y=-406787.500 Z=31550.000) RuntimeGrid:None EditorOnly:0 RuntimeOnly:0 HLODRelevant:1
 |   |   |- Guid:159473024A11151A3B1797A0E88D38ED BaseClass: NativeClass:/Script/Engine.StaticMeshActor Name:StaticMeshActor_UAID_A85E45E3C389D1B301_1284921969 Label:Whitebox Map SpatiallyLoaded:1 Bounds:IsValid=true, Min=(X=-500000.000 Y=-500000.000 Z=11480.000), Max=(X=500000.000 Y=500000.000 Z=11480.000) RuntimeGrid:None EditorOnly:0 RuntimeOnly:0 HLODRelevant:1
 |   |   |- Guid:1DE8D7AC4103A2EABA11649C7FCF8ACA BaseClass: NativeClass:/Script/Engine.SkyLight Name:SkyLight_UAID_A85E45CFE40401D200_1470380759 Label:SkyLight SpatiallyLoaded:0 Bounds:IsValid=true, Min=(X=0.000 Y=0.000 Z=0.000), Max=(X=0.000 Y=0.000 Z=0.000) RuntimeGrid:None EditorOnly:0 RuntimeOnly:0 HLODRelevant:0 FolderPath:Lighting FolderGuid:B7E9BD5B45A652654791988DEF54CCEB
 |   |   |- Guid:3D6D1A584FB9DD1DA7491DBD62AF18C0 BaseClass: NativeClass:/Script/Engine.StaticMeshActor Name:StaticMeshActor_UAID_A85E45E3C389D0B301_1928520791 Label:Cylinder SpatiallyLoaded:1 Bounds:IsValid=true, Min=(X=-50.000 Y=-43.000 Z=-50.000), Max=(X=50.000 Y=57.000 Z=50.000) RuntimeGrid:None EditorOnly:0 RuntimeOnly:0 HLODRelevant:1
 |   |   |- Guid:45E159174E79DA439AE53288BF4C7A75 BaseClass: NativeClass:/Script/Engine.StaticMeshActor Name:StaticMeshActor_UAID_A85E45E3C389FFB501_1603978176 Label:Building 1 SpatiallyLoaded:1 Bounds:IsValid=true, Min=(X=-73610.000 Y=-465317.500 Z=11550.000), Max=(X=-52710.000 Y=-434342.500 Z=31550.000) RuntimeGrid:None EditorOnly:0 RuntimeOnly:0 HLODRelevant:1
 |   |   |- Guid:5368FABB47D6D9580DAECA8B0417BF92 BaseClass: NativeClass:/Script/Engine.WorldDataLayers Name:WorldDataLayers Label:WorldDataLayers-1 SpatiallyLoaded:0 Bounds:IsValid=true, Min=(X=0.000 Y=0.000 Z=0.000), Max=(X=0.000 Y=0.000 Z=0.000) RuntimeGrid:None EditorOnly:0 RuntimeOnly:0 HLODRelevant:0
 |   |   |- Guid:74EFDABD4BCDD79CF391D2AEBE4F9347 BaseClass: NativeClass:/Script/Engine.StaticMeshActor Name:StaticMeshActor_UAID_A85E45E3C389FFB501_1935208180 Label:Building 4 SpatiallyLoaded:1 Bounds:IsValid=true, Min=(X=415110.000 Y=-1500.000 Z=11550.000), Max=(X=475110.000 Y=58500.000 Z=31550.000) RuntimeGrid:None EditorOnly:0 RuntimeOnly:0 HLODRelevant:1
 |   |   |- Guid:7D086F1C4489B1F3A57C58A27E55EA24 BaseClass: NativeClass:/Script/Engine.StaticMeshActor Name:StaticMeshActor_UAID_A85E45E3C389FEB501_1656547999 Label:Cube SpatiallyLoaded:1 Bounds:IsValid=true, Min=(X=-491775.000 Y=-484220.000 Z=9670.000), Max=(X=-321625.000 Y=-284220.000 Z=11670.000) RuntimeGrid:None EditorOnly:0 RuntimeOnly:0 HLODRelevant:1
 |   |   |- Guid:7E621268466BC18E2CB49AB9C38162F0 BaseClass: NativeClass:/Script/Engine.StaticMeshActor Name:StaticMeshActor_UAID_A85E45E3C38900B601_1155013357 Label:Barn SpatiallyLoaded:1 Bounds:IsValid=true, Min=(X=130283.850 Y=-43233.682 Z=2730.000), Max=(X=271616.150 Y=216273.682 Z=22730.000) RuntimeGrid:None EditorOnly:0 RuntimeOnly:0 HLODRelevant:1
 |   |   |- Guid:AAAC6B5742760A58C2206DB37E44683C BaseClass: NativeClass:/Script/Engine.DirectionalLight Name:DirectionalLight_UAID_A85E45CFE40401D200_1470382761 Label:DirectionalLight SpatiallyLoaded:0 Bounds:IsValid=true, Min=(X=-4398046511104.000 Y=-4398046511104.000 Z=-4398046511104.000), Max=(X=4398046511104.000 Y=4398046511104.000 Z=4398046511104.000) RuntimeGrid:None EditorOnly:0 RuntimeOnly:0 HLODRelevant:0 FolderPath:Lighting FolderGuid:B7E9BD5B45A652654791988DEF54CCEB
 |   |   |- Guid:AF4BCCD6496C4CBE0A33B49D555F4D5B BaseClass: NativeClass:/Script/Engine.StaticMeshActor Name:StaticMeshActor_UAID_A85E45E3C389D0B301_2024283792 Label:Cone SpatiallyLoaded:1 Bounds:IsValid=true, Min=(X=-50.000 Y=-46.000 Z=-50.000), Max=(X=50.000 Y=54.000 Z=50.000) RuntimeGrid:None EditorOnly:0 RuntimeOnly:0 HLODRelevant:1
 |   |   |- Guid:D1726D7C40CBCAF9177449923E2EDB4F BaseClass: NativeClass:/Script/Engine.StaticMeshActor Name:StaticMeshActor_UAID_A85E45E3C389FFB501_1672502177 Label:Building 2 SpatiallyLoaded:1 Bounds:IsValid=true, Min=(X=109783.879 Y=-347803.515 Z=11550.000), Max=(X=172916.121 Y=-260336.485 Z=31550.000) RuntimeGrid:None EditorOnly:0 RuntimeOnly:0 HLODRelevant:1
 |   |   |- Guid:D3FB7383421AAEFD3DB6F8B1E415A9FE BaseClass: NativeClass:/Script/Engine.ExponentialHeightFog Name:ExponentialHeightFog_UAID_A85E45CFE40401D200_1470382763 Label:ExponentialHeightFog SpatiallyLoaded:0 Bounds:IsValid=true, Min=(X=-5600.000 Y=-50.000 Z=-6850.000), Max=(X=-5600.000 Y=-50.000 Z=-6850.000) RuntimeGrid:None EditorOnly:0 RuntimeOnly:0 HLODRelevant:0 FolderPath:Lighting FolderGuid:B7E9BD5B45A652654791988DEF54CCEB
 |   |   |- Guid:E04C8FCB416D6FB2230A0B8690751A6F BaseClass: NativeClass:/Script/Engine.StaticMeshActor Name:StaticMeshActor_UAID_A85E45E3C389FFB501_1827104179 Label:Building 3 SpatiallyLoaded:1 Bounds:IsValid=true, Min=(X=357289.634 Y=-387742.344 Z=11550.000), Max=(X=436410.366 Y=-202877.656 Z=31550.000) RuntimeGrid:None EditorOnly:0 RuntimeOnly:0 HLODRelevant:1
 |   |- [+] Clusters:
 |   |   |- [+] [  0]
 |   |   |   |- Guid:1DE8D7AC4103A2EABA11649C7FCF8ACA BaseClass: NativeClass:/Script/Engine.SkyLight Name:SkyLight_UAID_A85E45CFE40401D200_1470380759 Label:SkyLight SpatiallyLoaded:0 Bounds:IsValid=true, Min=(X=0.000 Y=0.000 Z=0.000), Max=(X=0.000 Y=0.000 Z=0.000) RuntimeGrid:None EditorOnly:0 RuntimeOnly:0 HLODRelevant:0 FolderPath:Lighting FolderGuid:B7E9BD5B45A652654791988DEF54CCEB
 |   |   |- [+] [  1]
 |   |   |   |- Guid:AAAC6B5742760A58C2206DB37E44683C BaseClass: NativeClass:/Script/Engine.DirectionalLight Name:DirectionalLight_UAID_A85E45CFE40401D200_1470382761 Label:DirectionalLight SpatiallyLoaded:0 Bounds:IsValid=true, Min=(X=-4398046511104.000 Y=-4398046511104.000 Z=-4398046511104.000), Max=(X=4398046511104.000 Y=4398046511104.000 Z=4398046511104.000) RuntimeGrid:None EditorOnly:0 RuntimeOnly:0 HLODRelevant:0 FolderPath:Lighting FolderGuid:B7E9BD5B45A652654791988DEF54CCEB
 |   |   |- [+] [  2]
 |   |   |   |- Guid:03920DF94EEFC9F86CC66185D32A3DA1 BaseClass: NativeClass:/Script/Engine.StaticMeshActor Name:StaticMeshActor_UAID_A4AE111137DC54FB00_1240666663 Label:SM_SkySphere SpatiallyLoaded:0 Bounds:IsValid=true, Min=(X=-4096.000 Y=-4096.000 Z=-4096.000), Max=(X=4096.000 Y=4096.000 Z=4096.000) RuntimeGrid:None EditorOnly:0 RuntimeOnly:0 HLODRelevant:0 FolderPath:Lighting FolderGuid:B7E9BD5B45A652654791988DEF54CCEB
 |   |   |- [+] [  3]
 |   |   |   |- Guid:D3FB7383421AAEFD3DB6F8B1E415A9FE BaseClass: NativeClass:/Script/Engine.ExponentialHeightFog Name:ExponentialHeightFog_UAID_A85E45CFE40401D200_1470382763 Label:ExponentialHeightFog SpatiallyLoaded:0 Bounds:IsValid=true, Min=(X=-5600.000 Y=-50.000 Z=-6850.000), Max=(X=-5600.000 Y=-50.000 Z=-6850.000) RuntimeGrid:None EditorOnly:0 RuntimeOnly:0 HLODRelevant:0 FolderPath:Lighting FolderGuid:B7E9BD5B45A652654791988DEF54CCEB
 |   |   |- [+] [  4]
 |   |   |   |- Guid:159473024A11151A3B1797A0E88D38ED BaseClass: NativeClass:/Script/Engine.StaticMeshActor Name:StaticMeshActor_UAID_A85E45E3C389D1B301_1284921969 Label:Whitebox Map SpatiallyLoaded:1 Bounds:IsValid=true, Min=(X=-500000.000 Y=-500000.000 Z=11480.000), Max=(X=500000.000 Y=500000.000 Z=11480.000) RuntimeGrid:None EditorOnly:0 RuntimeOnly:0 HLODRelevant:1
 |   |   |- [+] [  5]
 |   |   |   |- Guid:7D086F1C4489B1F3A57C58A27E55EA24 BaseClass: NativeClass:/Script/Engine.StaticMeshActor Name:StaticMeshActor_UAID_A85E45E3C389FEB501_1656547999 Label:Cube SpatiallyLoaded:1 Bounds:IsValid=true, Min=(X=-491775.000 Y=-484220.000 Z=9670.000), Max=(X=-321625.000 Y=-284220.000 Z=11670.000) RuntimeGrid:None EditorOnly:0 RuntimeOnly:0 HLODRelevant:1
 |   |   |- [+] [  6]
 |   |   |   |- Guid:AF4BCCD6496C4CBE0A33B49D555F4D5B BaseClass: NativeClass:/Script/Engine.StaticMeshActor Name:StaticMeshActor_UAID_A85E45E3C389D0B301_2024283792 Label:Cone SpatiallyLoaded:1 Bounds:IsValid=true, Min=(X=-50.000 Y=-46.000 Z=-50.000), Max=(X=50.000 Y=54.000 Z=50.000) RuntimeGrid:None EditorOnly:0 RuntimeOnly:0 HLODRelevant:1
 |   |   |- [+] [  7]
 |   |   |   |- Guid:5368FABB47D6D9580DAECA8B0417BF92 BaseClass: NativeClass:/Script/Engine.WorldDataLayers Name:WorldDataLayers Label:WorldDataLayers-1 SpatiallyLoaded:0 Bounds:IsValid=true, Min=(X=0.000 Y=0.000 Z=0.000), Max=(X=0.000 Y=0.000 Z=0.000) RuntimeGrid:None EditorOnly:0 RuntimeOnly:0 HLODRelevant:0
 |   |   |- [+] [  8]
 |   |   |   |- Guid:3D6D1A584FB9DD1DA7491DBD62AF18C0 BaseClass: NativeClass:/Script/Engine.StaticMeshActor Name:StaticMeshActor_UAID_A85E45E3C389D0B301_1928520791 Label:Cylinder SpatiallyLoaded:1 Bounds:IsValid=true, Min=(X=-50.000 Y=-43.000 Z=-50.000), Max=(X=50.000 Y=57.000 Z=50.000) RuntimeGrid:None EditorOnly:0 RuntimeOnly:0 HLODRelevant:1
 |   |   |- [+] [  9]
 |   |   |   |- Guid:45E159174E79DA439AE53288BF4C7A75 BaseClass: NativeClass:/Script/Engine.StaticMeshActor Name:StaticMeshActor_UAID_A85E45E3C389FFB501_1603978176 Label:Building 1 SpatiallyLoaded:1 Bounds:IsValid=true, Min=(X=-73610.000 Y=-465317.500 Z=11550.000), Max=(X=-52710.000 Y=-434342.500 Z=31550.000) RuntimeGrid:None EditorOnly:0 RuntimeOnly:0 HLODRelevant:1
 |   |   |- [+] [ 10]
 |   |   |   |- Guid:D1726D7C40CBCAF9177449923E2EDB4F BaseClass: NativeClass:/Script/Engine.StaticMeshActor Name:StaticMeshActor_UAID_A85E45E3C389FFB501_1672502177 Label:Building 2 SpatiallyLoaded:1 Bounds:IsValid=true, Min=(X=109783.879 Y=-347803.515 Z=11550.000), Max=(X=172916.121 Y=-260336.485 Z=31550.000) RuntimeGrid:None EditorOnly:0 RuntimeOnly:0 HLODRelevant:1
 |   |   |- [+] [ 11]
 |   |   |   |- Guid:E04C8FCB416D6FB2230A0B8690751A6F BaseClass: NativeClass:/Script/Engine.StaticMeshActor Name:StaticMeshActor_UAID_A85E45E3C389FFB501_1827104179 Label:Building 3 SpatiallyLoaded:1 Bounds:IsValid=true, Min=(X=357289.634 Y=-387742.344 Z=11550.000), Max=(X=436410.366 Y=-202877.656 Z=31550.000) RuntimeGrid:None EditorOnly:0 RuntimeOnly:0 HLODRelevant:1
 |   |   |- [+] [ 12]
 |   |   |   |- Guid:74EFDABD4BCDD79CF391D2AEBE4F9347 BaseClass: NativeClass:/Script/Engine.StaticMeshActor Name:StaticMeshActor_UAID_A85E45E3C389FFB501_1935208180 Label:Building 4 SpatiallyLoaded:1 Bounds:IsValid=true, Min=(X=415110.000 Y=-1500.000 Z=11550.000), Max=(X=475110.000 Y=58500.000 Z=31550.000) RuntimeGrid:None EditorOnly:0 RuntimeOnly:0 HLODRelevant:1
 |   |   |- [+] [ 13]
 |   |   |   |- Guid:7E621268466BC18E2CB49AB9C38162F0 BaseClass: NativeClass:/Script/Engine.StaticMeshActor Name:StaticMeshActor_UAID_A85E45E3C38900B601_1155013357 Label:Barn SpatiallyLoaded:1 Bounds:IsValid=true, Min=(X=130283.850 Y=-43233.682 Z=2730.000), Max=(X=271616.150 Y=216273.682 Z=22730.000) RuntimeGrid:None EditorOnly:0 RuntimeOnly:0 HLODRelevant:1
 |   |   |- [+] [ 14]
 |   |   |   |- Guid:10FE384C49AAACAC3E1B95B5C52D2405 BaseClass: NativeClass:/Script/Engine.StaticMeshActor Name:StaticMeshActor_UAID_A85E45E3C38900B601_1407698358 Label:Building 5 SpatiallyLoaded:1 Bounds:IsValid=true, Min=(X=-217795.000 Y=-450012.500 Z=11550.000), Max=(X=-189645.000 Y=-406787.500 Z=31550.000) RuntimeGrid:None EditorOnly:0 RuntimeOnly:0 HLODRelevant:1
 |- ContainerInstances:
 |- [+] MainContainer:
 |   |-        ID: 0x0000000000000000
 |   |-    Bounds: IsValid=true, Min=(X=-500000.000 Y=-500000.000 Z=-50.000), Max=(X=500000.000 Y=500000.000 Z=31550.000)
 |   |- Transform: 0.000000,0.000000,0.000000|0.000000,0.000000,-0.000000|1.000000,1.000000,1.000000
 |   |- Container: /Game/Level1
----------------------------------------------------------------------------------------------------------------
Level1 - Persistent Level
----------------------------------------------------------------------------------------------------------------
Always loaded Actor Count: 24 

----------------------------------------------------------------------------------------------------------------
Level1 - Runtime Spatial Hash - Streaming Grid - MainGrid
----------------------------------------------------------------------------------------------------------------
            Origin: X=0.000 Y=0.000 Z=0.000
         Cell Size: 25600
      World Bounds: IsValid=true, Min=(X=-500000.000 Y=-500000.000 Z=-50.000), Max=(X=500000.000 Y=500000.000 Z=31550.000)
     Loading Range: 76800.00
Block Slow Loading: No
 ClientOnlyVisible: No

[+] Grid Levels: 7
 |- Level  0: Cell Count    0 | Cell Size   25600 | Actor Count    0 (0.0%)
 |- Level  1: Cell Count    0 | Cell Size   51200 | Actor Count    0 (0.0%)
 |- Level  2: Cell Count    1 | Cell Size  102400 | Actor Count    1 (20.0%)
 |- Level  3: Cell Count    1 | Cell Size  204800 | Actor Count    1 (20.0%)
 |- Level  4: Cell Count    0 | Cell Size  409600 | Actor Count    0 (0.0%)
 |- Level  5: Cell Count    2 | Cell Size  819200 | Actor Count    3 (60.0%)
 |- Level  6: Cell Count    0 | Cell Size 1638400 | Actor Count    0 (0.0%)

[+] Content of Grid Level 0
[+] Content of Grid Level 1
[+] Content of Grid Level 2
 |- [+] Content of Cell MainGrid_L2_X-1_Y-5
 |   |- Actor Count: 1
 |   |- MinMaxZ: X=11550.000 Y=31550.000
 |   |- Actor Path: /Game/Level1.Level1:PersistentLevel.StaticMeshActor_UAID_A85E45E3C389FFB501_1603978176
 |   |- Actor Package: /Game/__ExternalActors__/Level1/9/GR/66HUZS8J38W0FFLN4JEGKU
[+] Content of Grid Level 3
 |- [+] Content of Cell MainGrid_L3_X0_Y-2
 |   |- Actor Count: 1
 |   |- MinMaxZ: X=11550.000 Y=31550.000
 |   |- Actor Path: /Game/Level1.Level1:PersistentLevel.StaticMeshActor_UAID_A85E45E3C389FFB501_1672502177
 |   |- Actor Package: /Game/__ExternalActors__/Level1/5/NK/KFQE1CDVN835X9O95H7NMW
[+] Content of Grid Level 4
[+] Content of Grid Level 5
 |- [+] Content of Cell MainGrid_L5_X-1_Y-1
 |   |- Actor Count: 2
 |   |- MinMaxZ: X=9670.000 Y=31550.000
 |   |- Actor Path: /Game/Level1.Level1:PersistentLevel.StaticMeshActor_UAID_A85E45E3C389FEB501_1656547999
 |   |- Actor Package: /Game/__ExternalActors__/Level1/4/1Y/HLILDO6BFLZ7XMW9N663PV
 |   |- Actor Path: /Game/Level1.Level1:PersistentLevel.StaticMeshActor_UAID_A85E45E3C38900B601_1407698358
 |   |- Actor Package: /Game/__ExternalActors__/Level1/A/EC/YOEWI5PGRNKBBL7JSHTIYW
 |- [+] Content of Cell MainGrid_L5_X0_Y-1
 |   |- Actor Count: 1
 |   |- MinMaxZ: X=11550.000 Y=31550.000
 |   |- Actor Path: /Game/Level1.Level1:PersistentLevel.StaticMeshActor_UAID_A85E45E3C389FFB501_1827104179
 |   |- Actor Package: /Game/__ExternalActors__/Level1/3/3I/O6OP1KBRKFR7DQSIQCD2W2
[+] Content of Grid Level 6

