[+] Containers:
 |- [+] Container: /Game/Level1
 |   |- [+] ActorDescs:
 |   |   |- Guid:03920DF94EEFC9F86CC66185D32A3DA1 BaseClass: NativeClass:/Script/Engine.StaticMeshActor Name:StaticMeshActor_UAID_A4AE111137DC54FB00_1240666663 Label:SM_SkySphere SpatiallyLoaded:0 Bounds:IsValid=true, Min=(X=-4096.000 Y=-4096.000 Z=-4096.000), Max=(X=4096.000 Y=4096.000 Z=4096.000) RuntimeGrid:None EditorOnly:0 RuntimeOnly:0 HLODRelevant:0 FolderPath:Lighting FolderGuid:B7E9BD5B45A652654791988DEF54CCEB
 |   |   |- Guid:0E2C7D894AEEB15FE3A3719692117C79 BaseClass: NativeClass:/Script/Landscape.LandscapeStreamingProxy Name:LandscapeStreamingProxy_8GCQUEJD1AT8XVK9K30WEY4O2_126_3_2_0 Label:LandscapeStreamingProxy_3_2_0 SpatiallyLoaded:1 Bounds:IsValid=true, Min=(X=12600.000 Y=0.000 Z=0.000), Max=(X=25200.000 Y=12600.000 Z=200.000) RuntimeGrid:None EditorOnly:0 RuntimeOnly:0 HLODRelevant:1
 |   |   |- Guid:0F698C8548DEE84155F7BB84AE2D6D3A BaseClass: NativeClass:/Script/Landscape.LandscapeStreamingProxy Name:LandscapeStreamingProxy_8GCQUEJD1AT8XVK9K30WEY4O2_126_1_2_0 Label:LandscapeStreamingProxy_1_2_0 SpatiallyLoaded:1 Bounds:IsValid=true, Min=(X=-12600.000 Y=0.000 Z=0.000), Max=(X=0.000 Y=12600.000 Z=200.000) RuntimeGrid:None EditorOnly:0 RuntimeOnly:0 HLODRelevant:1
 |   |   |- Guid:10FE384C49AAACAC3E1B95B5C52D2405 BaseClass: NativeClass:/Script/Engine.StaticMeshActor Name:StaticMeshActor_UAID_A85E45E3C38900B601_1407698358 Label:Building 5 SpatiallyLoaded:1 Bounds:IsValid=true, Min=(X=-115300.000 Y=-225003.144 Z=17167.498), Max=(X=-103300.000 Y=-206576.856 Z=25469.452) RuntimeGrid:None EditorOnly:0 RuntimeOnly:0 HLODRelevant:1 FolderPath:WhiteboxingPinned FolderGuid:253E65384DEC35C56726D0B575B63B39
 |   |   |- Guid:159473024A11151A3B1797A0E88D38ED BaseClass: NativeClass:/Script/Engine.StaticMeshActor Name:StaticMeshActor_UAID_A85E45E3C389D1B301_1284921969 Label:Whitebox Map SpatiallyLoaded:1 Bounds:IsValid=true, Min=(X=-250000.000 Y=-250000.000 Z=11481.349), Max=(X=250000.000 Y=250000.000 Z=11481.349) RuntimeGrid:None EditorOnly:0 RuntimeOnly:0 HLODRelevant:1
 |   |   |- Guid:1D24D2FE42B4168887F4CAB6A7034456 BaseClass: NativeClass:/Script/Landscape.LandscapeStreamingProxy Name:LandscapeStreamingProxy_8GCQUEJD1AT8XVK9K30WEY4O2_126_0_1_0 Label:LandscapeStreamingProxy_0_1_0 SpatiallyLoaded:1 Bounds:IsValid=true, Min=(X=-25200.000 Y=-12600.000 Z=0.000), Max=(X=-12600.000 Y=0.000 Z=200.000) RuntimeGrid:None EditorOnly:0 RuntimeOnly:0 HLODRelevant:1
 |   |   |- Guid:1D3D26F04B6DC10BEFB5B69E5CF914C8 BaseClass: NativeClass:/Script/Engine.VolumetricCloud Name:VolumetricCloud_UAID_A85E45CFE40401D200_1470381760 Label:VolumetricCloud SpatiallyLoaded:0 Bounds:IsValid=true, Min=(X=0.000 Y=0.000 Z=0.000), Max=(X=0.000 Y=0.000 Z=0.000) RuntimeGrid:None EditorOnly:0 RuntimeOnly:0 HLODRelevant:0 FolderPath:Lighting FolderGuid:B7E9BD5B45A652654791988DEF54CCEB
 |   |   |- Guid:1DE8D7AC4103A2EABA11649C7FCF8ACA BaseClass: NativeClass:/Script/Engine.SkyLight Name:SkyLight_UAID_A85E45CFE40401D200_1470380759 Label:SkyLight SpatiallyLoaded:0 Bounds:IsValid=true, Min=(X=0.000 Y=0.000 Z=0.000), Max=(X=0.000 Y=0.000 Z=0.000) RuntimeGrid:None EditorOnly:0 RuntimeOnly:0 HLODRelevant:0 FolderPath:Lighting FolderGuid:B7E9BD5B45A652654791988DEF54CCEB
 |   |   |- Guid:236489DE4B0E9AF7312926B59471F41E BaseClass: NativeClass:/Script/Landscape.LandscapeStreamingProxy Name:LandscapeStreamingProxy_8GCQUEJD1AT8XVK9K30WEY4O2_126_2_3_0 Label:LandscapeStreamingProxy_2_3_0 SpatiallyLoaded:1 Bounds:IsValid=true, Min=(X=0.000 Y=12600.000 Z=0.000), Max=(X=12600.000 Y=25200.000 Z=200.000) RuntimeGrid:None EditorOnly:0 RuntimeOnly:0 HLODRelevant:1
 |   |   |- Guid:289DF40D49825F551FFFD993195FC1EC BaseClass: NativeClass:/Script/Engine.PlayerStart Name:PlayerStart_UAID_A85E45E3C38937B801_1155085150 Label:PlayerStart SpatiallyLoaded:0 Bounds:IsValid=true, Min=(X=-190600.000 Y=-213600.000 Z=14169.000), Max=(X=-190520.000 Y=-213520.000 Z=14951.000) RuntimeGrid:None EditorOnly:0 RuntimeOnly:0 HLODRelevant:0
 |   |   |- Guid:2CE12F874AA39D020A0F4BA5739BD305 BaseClass: NativeClass:/Script/Engine.SkyAtmosphere Name:SkyAtmosphere_UAID_A85E45CFE40401D200_1470382762 Label:SkyAtmosphere SpatiallyLoaded:0 Bounds:IsValid=true, Min=(X=0.000 Y=0.000 Z=0.000), Max=(X=0.000 Y=0.000 Z=0.000) RuntimeGrid:None EditorOnly:0 RuntimeOnly:0 HLODRelevant:0 FolderPath:Lighting FolderGuid:B7E9BD5B45A652654791988DEF54CCEB
 |   |   |- Guid:2D0A8B8344E6CBCDFF3742806E4D3F1D BaseClass: NativeClass:/Script/Landscape.LandscapeStreamingProxy Name:LandscapeStreamingProxy_8GCQUEJD1AT8XVK9K30WEY4O2_126_0_2_0 Label:LandscapeStreamingProxy_0_2_0 SpatiallyLoaded:1 Bounds:IsValid=true, Min=(X=-25200.000 Y=0.000 Z=0.000), Max=(X=-12600.000 Y=12600.000 Z=200.000) RuntimeGrid:None EditorOnly:0 RuntimeOnly:0 HLODRelevant:1
 |   |   |- Guid:3D6D1A584FB9DD1DA7491DBD62AF18C0 BaseClass: NativeClass:/Script/Engine.StaticMeshActor Name:StaticMeshActor_UAID_A85E45E3C389D0B301_1928520791 Label:Cylinder SpatiallyLoaded:1 Bounds:IsValid=true, Min=(X=-50.000 Y=-43.000 Z=-50.000), Max=(X=50.000 Y=57.000 Z=50.000) RuntimeGrid:None EditorOnly:0 RuntimeOnly:0 HLODRelevant:1
 |   |   |- Guid:45E159174E79DA439AE53288BF4C7A75 BaseClass: NativeClass:/Script/Engine.StaticMeshActor Name:StaticMeshActor_UAID_A85E45E3C389FFB501_1603978176 Label:Building 1 SpatiallyLoaded:1 Bounds:IsValid=true, Min=(X=-73610.000 Y=-465317.500 Z=11580.975), Max=(X=-52710.000 Y=-434342.500 Z=31055.975) RuntimeGrid:None EditorOnly:0 RuntimeOnly:0 HLODRelevant:1 FolderPath:WhiteboxingPinned FolderGuid:253E65384DEC35C56726D0B575B63B39
 |   |   |- Guid:477ABA614869E72595E6CE9603609F53 BaseClass: NativeClass:/Script/Landscape.LandscapeStreamingProxy Name:LandscapeStreamingProxy_8GCQUEJD1AT8XVK9K30WEY4O2_126_2_1_0 Label:LandscapeStreamingProxy_2_1_0 SpatiallyLoaded:1 Bounds:IsValid=true, Min=(X=0.000 Y=-12600.000 Z=0.000), Max=(X=12600.000 Y=0.000 Z=200.000) RuntimeGrid:None EditorOnly:0 RuntimeOnly:0 HLODRelevant:1
 |   |   |- Guid:48E3E90D4C92DC2D6B31D9B9B2EF7032 BaseClass: NativeClass:/Script/Landscape.LandscapeStreamingProxy Name:LandscapeStreamingProxy_8GCQUEJD1AT8XVK9K30WEY4O2_126_3_0_0 Label:LandscapeStreamingProxy_3_0_0 SpatiallyLoaded:1 Bounds:IsValid=true, Min=(X=12600.000 Y=-25200.000 Z=0.000), Max=(X=25200.000 Y=-12600.000 Z=200.000) RuntimeGrid:None EditorOnly:0 RuntimeOnly:0 HLODRelevant:1
 |   |   |- Guid:4C75845246DEA79DA2516AA5C3AA70CE BaseClass: NativeClass:/Script/Landscape.LandscapeStreamingProxy Name:LandscapeStreamingProxy_8GCQUEJD1AT8XVK9K30WEY4O2_126_2_0_0 Label:LandscapeStreamingProxy_2_0_0 SpatiallyLoaded:1 Bounds:IsValid=true, Min=(X=0.000 Y=-25200.000 Z=0.000), Max=(X=12600.000 Y=-12600.000 Z=200.000) RuntimeGrid:None EditorOnly:0 RuntimeOnly:0 HLODRelevant:1
 |   |   |- Guid:4FB6E8994586DB347DC8A8827FA8E0DE BaseClass: NativeClass:/Script/Landscape.LandscapeStreamingProxy Name:LandscapeStreamingProxy_8GCQUEJD1AT8XVK9K30WEY4O2_126_1_3_0 Label:LandscapeStreamingProxy_1_3_0 SpatiallyLoaded:1 Bounds:IsValid=true, Min=(X=-12600.000 Y=12600.000 Z=0.000), Max=(X=0.000 Y=25200.000 Z=200.000) RuntimeGrid:None EditorOnly:0 RuntimeOnly:0 HLODRelevant:1
 |   |   |- Guid:5368FABB47D6D9580DAECA8B0417BF92 BaseClass: NativeClass:/Script/Engine.WorldDataLayers Name:WorldDataLayers Label:WorldDataLayers-1 SpatiallyLoaded:0 Bounds:IsValid=true, Min=(X=0.000 Y=0.000 Z=0.000), Max=(X=0.000 Y=0.000 Z=0.000) RuntimeGrid:None EditorOnly:0 RuntimeOnly:0 HLODRelevant:0
 |   |   |- Guid:5E9FBFFF4CA9BD32656958983991D94B BaseClass: NativeClass:/Script/Landscape.LandscapeStreamingProxy Name:LandscapeStreamingProxy_8GCQUEJD1AT8XVK9K30WEY4O2_126_0_3_0 Label:LandscapeStreamingProxy_0_3_0 SpatiallyLoaded:1 Bounds:IsValid=true, Min=(X=-25200.000 Y=12600.000 Z=0.000), Max=(X=-12600.000 Y=25200.000 Z=200.000) RuntimeGrid:None EditorOnly:0 RuntimeOnly:0 HLODRelevant:1
 |   |   |- Guid:70B445984B013525068CC7AE621C2C59 BaseClass: NativeClass:/Script/Landscape.LandscapeStreamingProxy Name:LandscapeStreamingProxy_8GCQUEJD1AT8XVK9K30WEY4O2_126_1_1_0 Label:LandscapeStreamingProxy_1_1_0 SpatiallyLoaded:1 Bounds:IsValid=true, Min=(X=-12600.000 Y=-12600.000 Z=0.000), Max=(X=0.000 Y=0.000 Z=200.000) RuntimeGrid:None EditorOnly:0 RuntimeOnly:0 HLODRelevant:1
 |   |   |- Guid:74EFDABD4BCDD79CF391D2AEBE4F9347 BaseClass: NativeClass:/Script/Engine.StaticMeshActor Name:StaticMeshActor_UAID_A85E45E3C389FFB501_1935208180 Label:Building 4 SpatiallyLoaded:1 Bounds:IsValid=true, Min=(X=415110.000 Y=-1500.000 Z=11580.975), Max=(X=475110.000 Y=58500.000 Z=31055.975) RuntimeGrid:None EditorOnly:0 RuntimeOnly:0 HLODRelevant:1 FolderPath:WhiteboxingPinned FolderGuid:253E65384DEC35C56726D0B575B63B39
 |   |   |- Guid:77E7770A406500F1509E488CC779CF6A BaseClass: NativeClass:/Script/Landscape.LandscapeStreamingProxy Name:LandscapeStreamingProxy_8GCQUEJD1AT8XVK9K30WEY4O2_126_3_1_0 Label:LandscapeStreamingProxy_3_1_0 SpatiallyLoaded:1 Bounds:IsValid=true, Min=(X=12600.000 Y=-12600.000 Z=0.000), Max=(X=25200.000 Y=0.000 Z=200.000) RuntimeGrid:None EditorOnly:0 RuntimeOnly:0 HLODRelevant:1
 |   |   |- Guid:7D086F1C4489B1F3A57C58A27E55EA24 BaseClass: NativeClass:/Script/Engine.StaticMeshActor Name:StaticMeshActor_UAID_A85E45E3C389FEB501_1656547999 Label:Cube SpatiallyLoaded:1 Bounds:IsValid=true, Min=(X=-241110.000 Y=-239820.000 Z=12674.062), Max=(X=-163110.000 Y=-161520.000 Z=12847.438) RuntimeGrid:None EditorOnly:0 RuntimeOnly:0 HLODRelevant:1 FolderPath:WhiteboxingPinned FolderGuid:253E65384DEC35C56726D0B575B63B39
 |   |   |- Guid:7E621268466BC18E2CB49AB9C38162F0 BaseClass: NativeClass:/Script/Engine.StaticMeshActor Name:StaticMeshActor_UAID_A85E45E3C38900B601_1155013357 Label:Barn SpatiallyLoaded:1 Bounds:IsValid=true, Min=(X=130283.850 Y=-43233.682 Z=2992.500), Max=(X=271616.150 Y=216273.682 Z=22467.500) RuntimeGrid:None EditorOnly:0 RuntimeOnly:0 HLODRelevant:1 FolderPath:WhiteboxingPinned FolderGuid:253E65384DEC35C56726D0B575B63B39
 |   |   |- Guid:801800F549365611A30C14AB0A64A92F BaseClass: NativeClass:/Script/Engine.StaticMeshActor Name:StaticMeshActor_UAID_A85E45E3C38935B801_1467697797 Label:FlashLight_Main_Model SpatiallyLoaded:1 Bounds:IsValid=true, Min=(X=-335842.822 Y=-457062.822 Z=11670.034), Max=(X=-335837.178 Y=-457057.178 Z=11686.297) RuntimeGrid:None EditorOnly:0 RuntimeOnly:0 HLODRelevant:1
 |   |   |- Guid:836C887348008B762931DA8712B85132 BaseClass: NativeClass:/Script/Landscape.LandscapeStreamingProxy Name:LandscapeStreamingProxy_8GCQUEJD1AT8XVK9K30WEY4O2_126_1_0_0 Label:LandscapeStreamingProxy_1_0_0 SpatiallyLoaded:1 Bounds:IsValid=true, Min=(X=-12600.000 Y=-25200.000 Z=0.000), Max=(X=0.000 Y=-12600.000 Z=200.000) RuntimeGrid:None EditorOnly:0 RuntimeOnly:0 HLODRelevant:1
 |   |   |- Guid:8C2C286445DD329FD363F08F2F5B22BD BaseClass: NativeClass:/Script/Engine.PlayerStart Name:PlayerStart_UAID_A85E45E3C38931B801_1730179088 Label:PlayerStart SpatiallyLoaded:0 Bounds:IsValid=true, Min=(X=-341270.000 Y=-455740.000 Z=13200.000), Max=(X=-341190.000 Y=-455660.000 Z=13384.000) RuntimeGrid:None EditorOnly:0 RuntimeOnly:0 HLODRelevant:0
 |   |   |- Guid:A8F531D1484D999E4AC089A36ED7B0A8 BaseClass: NativeClass:/Script/Landscape.LandscapeStreamingProxy Name:LandscapeStreamingProxy_8GCQUEJD1AT8XVK9K30WEY4O2_126_3_3_0 Label:LandscapeStreamingProxy_3_3_0 SpatiallyLoaded:1 Bounds:IsValid=true, Min=(X=12600.000 Y=12600.000 Z=0.000), Max=(X=25200.000 Y=25200.000 Z=200.000) RuntimeGrid:None EditorOnly:0 RuntimeOnly:0 HLODRelevant:1
 |   |   |- Guid:AAAC6B5742760A58C2206DB37E44683C BaseClass: NativeClass:/Script/Engine.DirectionalLight Name:DirectionalLight_UAID_A85E45CFE40401D200_1470382761 Label:DirectionalLight SpatiallyLoaded:0 Bounds:IsValid=true, Min=(X=-4398046511104.000 Y=-4398046511104.000 Z=-4398046511104.000), Max=(X=4398046511104.000 Y=4398046511104.000 Z=4398046511104.000) RuntimeGrid:None EditorOnly:0 RuntimeOnly:0 HLODRelevant:0 FolderPath:Lighting FolderGuid:B7E9BD5B45A652654791988DEF54CCEB
 |   |   |- Guid:AF4BCCD6496C4CBE0A33B49D555F4D5B BaseClass: NativeClass:/Script/Engine.StaticMeshActor Name:StaticMeshActor_UAID_A85E45E3C389D0B301_2024283792 Label:Cone SpatiallyLoaded:1 Bounds:IsValid=true, Min=(X=-50.000 Y=-46.000 Z=-50.000), Max=(X=50.000 Y=54.000 Z=50.000) RuntimeGrid:None EditorOnly:0 RuntimeOnly:0 HLODRelevant:1
 |   |   |- Guid:AFFD60F54442F793E800E28FDD240E9B BaseClass: NativeClass:/Script/Engine.StaticMeshActor Name:StaticMeshActor_UAID_A85E45E3C38935B801_1415613795 Label:fence_2 SpatiallyLoaded:1 Bounds:IsValid=true, Min=(X=-337304.619 Y=-456987.902 Z=11648.891), Max=(X=-337276.518 Y=-455643.747 Z=12579.505) RuntimeGrid:None EditorOnly:0 RuntimeOnly:0 HLODRelevant:1
 |   |   |- Guid:C38ABC8A4A2D87C142207CB492975D64 BaseClass: NativeClass:/Script/Landscape.LandscapeStreamingProxy Name:LandscapeStreamingProxy_8GCQUEJD1AT8XVK9K30WEY4O2_126_0_0_0 Label:LandscapeStreamingProxy_0_0_0 SpatiallyLoaded:1 Bounds:IsValid=true, Min=(X=-25200.000 Y=-25200.000 Z=0.000), Max=(X=-12600.000 Y=-12600.000 Z=200.000) RuntimeGrid:None EditorOnly:0 RuntimeOnly:0 HLODRelevant:1
 |   |   |- Guid:CB0E5355434038307CB9288751574F6E BaseClass: NativeClass:/Script/Engine.StaticMeshActor Name:StaticMeshActor_UAID_A85E45E3C38935B801_1345881793 Label:FenceX SpatiallyLoaded:1 Bounds:IsValid=true, Min=(X=-338805.630 Y=-457017.811 Z=11633.112), Max=(X=-338753.152 Y=-455404.621 Z=12716.670) RuntimeGrid:None EditorOnly:0 RuntimeOnly:0 HLODRelevant:1
 |   |   |- Guid:D1726D7C40CBCAF9177449923E2EDB4F BaseClass: NativeClass:/Script/Engine.StaticMeshActor Name:StaticMeshActor_UAID_A85E45E3C389FFB501_1672502177 Label:Building 2 SpatiallyLoaded:1 Bounds:IsValid=true, Min=(X=109783.879 Y=-347803.515 Z=11550.000), Max=(X=172916.121 Y=-260336.485 Z=31550.000) RuntimeGrid:None EditorOnly:0 RuntimeOnly:0 HLODRelevant:1 FolderPath:WhiteboxingPinned FolderGuid:253E65384DEC35C56726D0B575B63B39
 |   |   |- Guid:D3FB7383421AAEFD3DB6F8B1E415A9FE BaseClass: NativeClass:/Script/Engine.ExponentialHeightFog Name:ExponentialHeightFog_UAID_A85E45CFE40401D200_1470382763 Label:ExponentialHeightFog SpatiallyLoaded:0 Bounds:IsValid=true, Min=(X=-5600.000 Y=-50.000 Z=-6850.000), Max=(X=-5600.000 Y=-50.000 Z=-6850.000) RuntimeGrid:None EditorOnly:0 RuntimeOnly:0 HLODRelevant:0 FolderPath:Lighting FolderGuid:B7E9BD5B45A652654791988DEF54CCEB
 |   |   |- Guid:D523FD594DD834BC699F0E8BF4300734 BaseClass: NativeClass:/Script/Landscape.Landscape Name:Landscape_UAID_A85E45E3C38930B801_1151107911 Label:Landscape SpatiallyLoaded:0 Bounds:IsValid=true, Min=(X=-25200.000 Y=-25200.000 Z=100.000), Max=(X=-25200.000 Y=-25200.000 Z=100.000) RuntimeGrid:None EditorOnly:0 RuntimeOnly:0 HLODRelevant:0
 |   |   |- Guid:E04C8FCB416D6FB2230A0B8690751A6F BaseClass: NativeClass:/Script/Engine.StaticMeshActor Name:StaticMeshActor_UAID_A85E45E3C389FFB501_1827104179 Label:Building 3 SpatiallyLoaded:1 Bounds:IsValid=true, Min=(X=357289.634 Y=-387742.344 Z=11580.975), Max=(X=436410.366 Y=-202877.656 Z=31055.975) RuntimeGrid:None EditorOnly:0 RuntimeOnly:0 HLODRelevant:1 FolderPath:WhiteboxingPinned FolderGuid:253E65384DEC35C56726D0B575B63B39
 |   |   |- Guid:E509BE504D7F2A94786587A2A99BD39D BaseClass: NativeClass:/Script/Landscape.LandscapeStreamingProxy Name:LandscapeStreamingProxy_8GCQUEJD1AT8XVK9K30WEY4O2_126_2_2_0 Label:LandscapeStreamingProxy_2_2_0 SpatiallyLoaded:1 Bounds:IsValid=true, Min=(X=0.000 Y=0.000 Z=0.000), Max=(X=12600.000 Y=12600.000 Z=200.000) RuntimeGrid:None EditorOnly:0 RuntimeOnly:0 HLODRelevant:1
 |   |- [+] Clusters:
 |   |   |- [+] [  0]
 |   |   |   |- Guid:1DE8D7AC4103A2EABA11649C7FCF8ACA BaseClass: NativeClass:/Script/Engine.SkyLight Name:SkyLight_UAID_A85E45CFE40401D200_1470380759 Label:SkyLight SpatiallyLoaded:0 Bounds:IsValid=true, Min=(X=0.000 Y=0.000 Z=0.000), Max=(X=0.000 Y=0.000 Z=0.000) RuntimeGrid:None EditorOnly:0 RuntimeOnly:0 HLODRelevant:0 FolderPath:Lighting FolderGuid:B7E9BD5B45A652654791988DEF54CCEB
 |   |   |- [+] [  1]
 |   |   |   |- Guid:AAAC6B5742760A58C2206DB37E44683C BaseClass: NativeClass:/Script/Engine.DirectionalLight Name:DirectionalLight_UAID_A85E45CFE40401D200_1470382761 Label:DirectionalLight SpatiallyLoaded:0 Bounds:IsValid=true, Min=(X=-4398046511104.000 Y=-4398046511104.000 Z=-4398046511104.000), Max=(X=4398046511104.000 Y=4398046511104.000 Z=4398046511104.000) RuntimeGrid:None EditorOnly:0 RuntimeOnly:0 HLODRelevant:0 FolderPath:Lighting FolderGuid:B7E9BD5B45A652654791988DEF54CCEB
 |   |   |- [+] [  2]
 |   |   |   |- Guid:03920DF94EEFC9F86CC66185D32A3DA1 BaseClass: NativeClass:/Script/Engine.StaticMeshActor Name:StaticMeshActor_UAID_A4AE111137DC54FB00_1240666663 Label:SM_SkySphere SpatiallyLoaded:0 Bounds:IsValid=true, Min=(X=-4096.000 Y=-4096.000 Z=-4096.000), Max=(X=4096.000 Y=4096.000 Z=4096.000) RuntimeGrid:None EditorOnly:0 RuntimeOnly:0 HLODRelevant:0 FolderPath:Lighting FolderGuid:B7E9BD5B45A652654791988DEF54CCEB
 |   |   |- [+] [  3]
 |   |   |   |- Guid:7E621268466BC18E2CB49AB9C38162F0 BaseClass: NativeClass:/Script/Engine.StaticMeshActor Name:StaticMeshActor_UAID_A85E45E3C38900B601_1155013357 Label:Barn SpatiallyLoaded:1 Bounds:IsValid=true, Min=(X=130283.850 Y=-43233.682 Z=2992.500), Max=(X=271616.150 Y=216273.682 Z=22467.500) RuntimeGrid:None EditorOnly:0 RuntimeOnly:0 HLODRelevant:1 FolderPath:WhiteboxingPinned FolderGuid:253E65384DEC35C56726D0B575B63B39
 |   |   |- [+] [  4]
 |   |   |   |- Guid:D3FB7383421AAEFD3DB6F8B1E415A9FE BaseClass: NativeClass:/Script/Engine.ExponentialHeightFog Name:ExponentialHeightFog_UAID_A85E45CFE40401D200_1470382763 Label:ExponentialHeightFog SpatiallyLoaded:0 Bounds:IsValid=true, Min=(X=-5600.000 Y=-50.000 Z=-6850.000), Max=(X=-5600.000 Y=-50.000 Z=-6850.000) RuntimeGrid:None EditorOnly:0 RuntimeOnly:0 HLODRelevant:0 FolderPath:Lighting FolderGuid:B7E9BD5B45A652654791988DEF54CCEB
 |   |   |- [+] [  5]
 |   |   |   |- Guid:159473024A11151A3B1797A0E88D38ED BaseClass: NativeClass:/Script/Engine.StaticMeshActor Name:StaticMeshActor_UAID_A85E45E3C389D1B301_1284921969 Label:Whitebox Map SpatiallyLoaded:1 Bounds:IsValid=true, Min=(X=-250000.000 Y=-250000.000 Z=11481.349), Max=(X=250000.000 Y=250000.000 Z=11481.349) RuntimeGrid:None EditorOnly:0 RuntimeOnly:0 HLODRelevant:1
 |   |   |- [+] [  6]
 |   |   |   |- Guid:D1726D7C40CBCAF9177449923E2EDB4F BaseClass: NativeClass:/Script/Engine.StaticMeshActor Name:StaticMeshActor_UAID_A85E45E3C389FFB501_1672502177 Label:Building 2 SpatiallyLoaded:1 Bounds:IsValid=true, Min=(X=109783.879 Y=-347803.515 Z=11550.000), Max=(X=172916.121 Y=-260336.485 Z=31550.000) RuntimeGrid:None EditorOnly:0 RuntimeOnly:0 HLODRelevant:1 FolderPath:WhiteboxingPinned FolderGuid:253E65384DEC35C56726D0B575B63B39
 |   |   |- [+] [  7]
 |   |   |   |- Guid:2CE12F874AA39D020A0F4BA5739BD305 BaseClass: NativeClass:/Script/Engine.SkyAtmosphere Name:SkyAtmosphere_UAID_A85E45CFE40401D200_1470382762 Label:SkyAtmosphere SpatiallyLoaded:0 Bounds:IsValid=true, Min=(X=0.000 Y=0.000 Z=0.000), Max=(X=0.000 Y=0.000 Z=0.000) RuntimeGrid:None EditorOnly:0 RuntimeOnly:0 HLODRelevant:0 FolderPath:Lighting FolderGuid:B7E9BD5B45A652654791988DEF54CCEB
 |   |   |- [+] [  8]
 |   |   |   |- Guid:74EFDABD4BCDD79CF391D2AEBE4F9347 BaseClass: NativeClass:/Script/Engine.StaticMeshActor Name:StaticMeshActor_UAID_A85E45E3C389FFB501_1935208180 Label:Building 4 SpatiallyLoaded:1 Bounds:IsValid=true, Min=(X=415110.000 Y=-1500.000 Z=11580.975), Max=(X=475110.000 Y=58500.000 Z=31055.975) RuntimeGrid:None EditorOnly:0 RuntimeOnly:0 HLODRelevant:1 FolderPath:WhiteboxingPinned FolderGuid:253E65384DEC35C56726D0B575B63B39
 |   |   |- [+] [  9]
 |   |   |   |- Guid:AF4BCCD6496C4CBE0A33B49D555F4D5B BaseClass: NativeClass:/Script/Engine.StaticMeshActor Name:StaticMeshActor_UAID_A85E45E3C389D0B301_2024283792 Label:Cone SpatiallyLoaded:1 Bounds:IsValid=true, Min=(X=-50.000 Y=-46.000 Z=-50.000), Max=(X=50.000 Y=54.000 Z=50.000) RuntimeGrid:None EditorOnly:0 RuntimeOnly:0 HLODRelevant:1
 |   |   |- [+] [ 10]
 |   |   |   |- Guid:5368FABB47D6D9580DAECA8B0417BF92 BaseClass: NativeClass:/Script/Engine.WorldDataLayers Name:WorldDataLayers Label:WorldDataLayers-1 SpatiallyLoaded:0 Bounds:IsValid=true, Min=(X=0.000 Y=0.000 Z=0.000), Max=(X=0.000 Y=0.000 Z=0.000) RuntimeGrid:None EditorOnly:0 RuntimeOnly:0 HLODRelevant:0
 |   |   |- [+] [ 11]
 |   |   |   |- Guid:3D6D1A584FB9DD1DA7491DBD62AF18C0 BaseClass: NativeClass:/Script/Engine.StaticMeshActor Name:StaticMeshActor_UAID_A85E45E3C389D0B301_1928520791 Label:Cylinder SpatiallyLoaded:1 Bounds:IsValid=true, Min=(X=-50.000 Y=-43.000 Z=-50.000), Max=(X=50.000 Y=57.000 Z=50.000) RuntimeGrid:None EditorOnly:0 RuntimeOnly:0 HLODRelevant:1
 |   |   |- [+] [ 12]
 |   |   |   |- Guid:1D3D26F04B6DC10BEFB5B69E5CF914C8 BaseClass: NativeClass:/Script/Engine.VolumetricCloud Name:VolumetricCloud_UAID_A85E45CFE40401D200_1470381760 Label:VolumetricCloud SpatiallyLoaded:0 Bounds:IsValid=true, Min=(X=0.000 Y=0.000 Z=0.000), Max=(X=0.000 Y=0.000 Z=0.000) RuntimeGrid:None EditorOnly:0 RuntimeOnly:0 HLODRelevant:0 FolderPath:Lighting FolderGuid:B7E9BD5B45A652654791988DEF54CCEB
 |   |   |- [+] [ 13]
 |   |   |   |- Guid:E04C8FCB416D6FB2230A0B8690751A6F BaseClass: NativeClass:/Script/Engine.StaticMeshActor Name:StaticMeshActor_UAID_A85E45E3C389FFB501_1827104179 Label:Building 3 SpatiallyLoaded:1 Bounds:IsValid=true, Min=(X=357289.634 Y=-387742.344 Z=11580.975), Max=(X=436410.366 Y=-202877.656 Z=31055.975) RuntimeGrid:None EditorOnly:0 RuntimeOnly:0 HLODRelevant:1 FolderPath:WhiteboxingPinned FolderGuid:253E65384DEC35C56726D0B575B63B39
 |   |   |- [+] [ 14]
 |   |   |   |- Guid:7D086F1C4489B1F3A57C58A27E55EA24 BaseClass: NativeClass:/Script/Engine.StaticMeshActor Name:StaticMeshActor_UAID_A85E45E3C389FEB501_1656547999 Label:Cube SpatiallyLoaded:1 Bounds:IsValid=true, Min=(X=-241110.000 Y=-239820.000 Z=12674.062), Max=(X=-163110.000 Y=-161520.000 Z=12847.438) RuntimeGrid:None EditorOnly:0 RuntimeOnly:0 HLODRelevant:1 FolderPath:WhiteboxingPinned FolderGuid:253E65384DEC35C56726D0B575B63B39
 |   |   |- [+] [ 15]
 |   |   |   |- Guid:45E159174E79DA439AE53288BF4C7A75 BaseClass: NativeClass:/Script/Engine.StaticMeshActor Name:StaticMeshActor_UAID_A85E45E3C389FFB501_1603978176 Label:Building 1 SpatiallyLoaded:1 Bounds:IsValid=true, Min=(X=-73610.000 Y=-465317.500 Z=11580.975), Max=(X=-52710.000 Y=-434342.500 Z=31055.975) RuntimeGrid:None EditorOnly:0 RuntimeOnly:0 HLODRelevant:1 FolderPath:WhiteboxingPinned FolderGuid:253E65384DEC35C56726D0B575B63B39
 |   |   |- [+] [ 16]
 |   |   |   |- Guid:10FE384C49AAACAC3E1B95B5C52D2405 BaseClass: NativeClass:/Script/Engine.StaticMeshActor Name:StaticMeshActor_UAID_A85E45E3C38900B601_1407698358 Label:Building 5 SpatiallyLoaded:1 Bounds:IsValid=true, Min=(X=-115300.000 Y=-225003.144 Z=17167.498), Max=(X=-103300.000 Y=-206576.856 Z=25469.452) RuntimeGrid:None EditorOnly:0 RuntimeOnly:0 HLODRelevant:1 FolderPath:WhiteboxingPinned FolderGuid:253E65384DEC35C56726D0B575B63B39
 |   |   |- [+] [ 17]
 |   |   |   |- Guid:D523FD594DD834BC699F0E8BF4300734 BaseClass: NativeClass:/Script/Landscape.Landscape Name:Landscape_UAID_A85E45E3C38930B801_1151107911 Label:Landscape SpatiallyLoaded:0 Bounds:IsValid=true, Min=(X=-25200.000 Y=-25200.000 Z=100.000), Max=(X=-25200.000 Y=-25200.000 Z=100.000) RuntimeGrid:None EditorOnly:0 RuntimeOnly:0 HLODRelevant:0
 |   |   |- [+] [ 18]
 |   |   |   |- Guid:C38ABC8A4A2D87C142207CB492975D64 BaseClass: NativeClass:/Script/Landscape.LandscapeStreamingProxy Name:LandscapeStreamingProxy_8GCQUEJD1AT8XVK9K30WEY4O2_126_0_0_0 Label:LandscapeStreamingProxy_0_0_0 SpatiallyLoaded:1 Bounds:IsValid=true, Min=(X=-25200.000 Y=-25200.000 Z=0.000), Max=(X=-12600.000 Y=-12600.000 Z=200.000) RuntimeGrid:None EditorOnly:0 RuntimeOnly:0 HLODRelevant:1
 |   |   |- [+] [ 19]
 |   |   |   |- Guid:836C887348008B762931DA8712B85132 BaseClass: NativeClass:/Script/Landscape.LandscapeStreamingProxy Name:LandscapeStreamingProxy_8GCQUEJD1AT8XVK9K30WEY4O2_126_1_0_0 Label:LandscapeStreamingProxy_1_0_0 SpatiallyLoaded:1 Bounds:IsValid=true, Min=(X=-12600.000 Y=-25200.000 Z=0.000), Max=(X=0.000 Y=-12600.000 Z=200.000) RuntimeGrid:None EditorOnly:0 RuntimeOnly:0 HLODRelevant:1
 |   |   |- [+] [ 20]
 |   |   |   |- Guid:4C75845246DEA79DA2516AA5C3AA70CE BaseClass: NativeClass:/Script/Landscape.LandscapeStreamingProxy Name:LandscapeStreamingProxy_8GCQUEJD1AT8XVK9K30WEY4O2_126_2_0_0 Label:LandscapeStreamingProxy_2_0_0 SpatiallyLoaded:1 Bounds:IsValid=true, Min=(X=0.000 Y=-25200.000 Z=0.000), Max=(X=12600.000 Y=-12600.000 Z=200.000) RuntimeGrid:None EditorOnly:0 RuntimeOnly:0 HLODRelevant:1
 |   |   |- [+] [ 21]
 |   |   |   |- Guid:48E3E90D4C92DC2D6B31D9B9B2EF7032 BaseClass: NativeClass:/Script/Landscape.LandscapeStreamingProxy Name:LandscapeStreamingProxy_8GCQUEJD1AT8XVK9K30WEY4O2_126_3_0_0 Label:LandscapeStreamingProxy_3_0_0 SpatiallyLoaded:1 Bounds:IsValid=true, Min=(X=12600.000 Y=-25200.000 Z=0.000), Max=(X=25200.000 Y=-12600.000 Z=200.000) RuntimeGrid:None EditorOnly:0 RuntimeOnly:0 HLODRelevant:1
 |   |   |- [+] [ 22]
 |   |   |   |- Guid:1D24D2FE42B4168887F4CAB6A7034456 BaseClass: NativeClass:/Script/Landscape.LandscapeStreamingProxy Name:LandscapeStreamingProxy_8GCQUEJD1AT8XVK9K30WEY4O2_126_0_1_0 Label:LandscapeStreamingProxy_0_1_0 SpatiallyLoaded:1 Bounds:IsValid=true, Min=(X=-25200.000 Y=-12600.000 Z=0.000), Max=(X=-12600.000 Y=0.000 Z=200.000) RuntimeGrid:None EditorOnly:0 RuntimeOnly:0 HLODRelevant:1
 |   |   |- [+] [ 23]
 |   |   |   |- Guid:70B445984B013525068CC7AE621C2C59 BaseClass: NativeClass:/Script/Landscape.LandscapeStreamingProxy Name:LandscapeStreamingProxy_8GCQUEJD1AT8XVK9K30WEY4O2_126_1_1_0 Label:LandscapeStreamingProxy_1_1_0 SpatiallyLoaded:1 Bounds:IsValid=true, Min=(X=-12600.000 Y=-12600.000 Z=0.000), Max=(X=0.000 Y=0.000 Z=200.000) RuntimeGrid:None EditorOnly:0 RuntimeOnly:0 HLODRelevant:1
 |   |   |- [+] [ 24]
 |   |   |   |- Guid:477ABA614869E72595E6CE9603609F53 BaseClass: NativeClass:/Script/Landscape.LandscapeStreamingProxy Name:LandscapeStreamingProxy_8GCQUEJD1AT8XVK9K30WEY4O2_126_2_1_0 Label:LandscapeStreamingProxy_2_1_0 SpatiallyLoaded:1 Bounds:IsValid=true, Min=(X=0.000 Y=-12600.000 Z=0.000), Max=(X=12600.000 Y=0.000 Z=200.000) RuntimeGrid:None EditorOnly:0 RuntimeOnly:0 HLODRelevant:1
 |   |   |- [+] [ 25]
 |   |   |   |- Guid:77E7770A406500F1509E488CC779CF6A BaseClass: NativeClass:/Script/Landscape.LandscapeStreamingProxy Name:LandscapeStreamingProxy_8GCQUEJD1AT8XVK9K30WEY4O2_126_3_1_0 Label:LandscapeStreamingProxy_3_1_0 SpatiallyLoaded:1 Bounds:IsValid=true, Min=(X=12600.000 Y=-12600.000 Z=0.000), Max=(X=25200.000 Y=0.000 Z=200.000) RuntimeGrid:None EditorOnly:0 RuntimeOnly:0 HLODRelevant:1
 |   |   |- [+] [ 26]
 |   |   |   |- Guid:2D0A8B8344E6CBCDFF3742806E4D3F1D BaseClass: NativeClass:/Script/Landscape.LandscapeStreamingProxy Name:LandscapeStreamingProxy_8GCQUEJD1AT8XVK9K30WEY4O2_126_0_2_0 Label:LandscapeStreamingProxy_0_2_0 SpatiallyLoaded:1 Bounds:IsValid=true, Min=(X=-25200.000 Y=0.000 Z=0.000), Max=(X=-12600.000 Y=12600.000 Z=200.000) RuntimeGrid:None EditorOnly:0 RuntimeOnly:0 HLODRelevant:1
 |   |   |- [+] [ 27]
 |   |   |   |- Guid:0F698C8548DEE84155F7BB84AE2D6D3A BaseClass: NativeClass:/Script/Landscape.LandscapeStreamingProxy Name:LandscapeStreamingProxy_8GCQUEJD1AT8XVK9K30WEY4O2_126_1_2_0 Label:LandscapeStreamingProxy_1_2_0 SpatiallyLoaded:1 Bounds:IsValid=true, Min=(X=-12600.000 Y=0.000 Z=0.000), Max=(X=0.000 Y=12600.000 Z=200.000) RuntimeGrid:None EditorOnly:0 RuntimeOnly:0 HLODRelevant:1
 |   |   |- [+] [ 28]
 |   |   |   |- Guid:E509BE504D7F2A94786587A2A99BD39D BaseClass: NativeClass:/Script/Landscape.LandscapeStreamingProxy Name:LandscapeStreamingProxy_8GCQUEJD1AT8XVK9K30WEY4O2_126_2_2_0 Label:LandscapeStreamingProxy_2_2_0 SpatiallyLoaded:1 Bounds:IsValid=true, Min=(X=0.000 Y=0.000 Z=0.000), Max=(X=12600.000 Y=12600.000 Z=200.000) RuntimeGrid:None EditorOnly:0 RuntimeOnly:0 HLODRelevant:1
 |   |   |- [+] [ 29]
 |   |   |   |- Guid:0E2C7D894AEEB15FE3A3719692117C79 BaseClass: NativeClass:/Script/Landscape.LandscapeStreamingProxy Name:LandscapeStreamingProxy_8GCQUEJD1AT8XVK9K30WEY4O2_126_3_2_0 Label:LandscapeStreamingProxy_3_2_0 SpatiallyLoaded:1 Bounds:IsValid=true, Min=(X=12600.000 Y=0.000 Z=0.000), Max=(X=25200.000 Y=12600.000 Z=200.000) RuntimeGrid:None EditorOnly:0 RuntimeOnly:0 HLODRelevant:1
 |   |   |- [+] [ 30]
 |   |   |   |- Guid:5E9FBFFF4CA9BD32656958983991D94B BaseClass: NativeClass:/Script/Landscape.LandscapeStreamingProxy Name:LandscapeStreamingProxy_8GCQUEJD1AT8XVK9K30WEY4O2_126_0_3_0 Label:LandscapeStreamingProxy_0_3_0 SpatiallyLoaded:1 Bounds:IsValid=true, Min=(X=-25200.000 Y=12600.000 Z=0.000), Max=(X=-12600.000 Y=25200.000 Z=200.000) RuntimeGrid:None EditorOnly:0 RuntimeOnly:0 HLODRelevant:1
 |   |   |- [+] [ 31]
 |   |   |   |- Guid:4FB6E8994586DB347DC8A8827FA8E0DE BaseClass: NativeClass:/Script/Landscape.LandscapeStreamingProxy Name:LandscapeStreamingProxy_8GCQUEJD1AT8XVK9K30WEY4O2_126_1_3_0 Label:LandscapeStreamingProxy_1_3_0 SpatiallyLoaded:1 Bounds:IsValid=true, Min=(X=-12600.000 Y=12600.000 Z=0.000), Max=(X=0.000 Y=25200.000 Z=200.000) RuntimeGrid:None EditorOnly:0 RuntimeOnly:0 HLODRelevant:1
 |   |   |- [+] [ 32]
 |   |   |   |- Guid:236489DE4B0E9AF7312926B59471F41E BaseClass: NativeClass:/Script/Landscape.LandscapeStreamingProxy Name:LandscapeStreamingProxy_8GCQUEJD1AT8XVK9K30WEY4O2_126_2_3_0 Label:LandscapeStreamingProxy_2_3_0 SpatiallyLoaded:1 Bounds:IsValid=true, Min=(X=0.000 Y=12600.000 Z=0.000), Max=(X=12600.000 Y=25200.000 Z=200.000) RuntimeGrid:None EditorOnly:0 RuntimeOnly:0 HLODRelevant:1
 |   |   |- [+] [ 33]
 |   |   |   |- Guid:A8F531D1484D999E4AC089A36ED7B0A8 BaseClass: NativeClass:/Script/Landscape.LandscapeStreamingProxy Name:LandscapeStreamingProxy_8GCQUEJD1AT8XVK9K30WEY4O2_126_3_3_0 Label:LandscapeStreamingProxy_3_3_0 SpatiallyLoaded:1 Bounds:IsValid=true, Min=(X=12600.000 Y=12600.000 Z=0.000), Max=(X=25200.000 Y=25200.000 Z=200.000) RuntimeGrid:None EditorOnly:0 RuntimeOnly:0 HLODRelevant:1
 |   |   |- [+] [ 34]
 |   |   |   |- Guid:8C2C286445DD329FD363F08F2F5B22BD BaseClass: NativeClass:/Script/Engine.PlayerStart Name:PlayerStart_UAID_A85E45E3C38931B801_1730179088 Label:PlayerStart SpatiallyLoaded:0 Bounds:IsValid=true, Min=(X=-341270.000 Y=-455740.000 Z=13200.000), Max=(X=-341190.000 Y=-455660.000 Z=13384.000) RuntimeGrid:None EditorOnly:0 RuntimeOnly:0 HLODRelevant:0
 |   |   |- [+] [ 35]
 |   |   |   |- Guid:CB0E5355434038307CB9288751574F6E BaseClass: NativeClass:/Script/Engine.StaticMeshActor Name:StaticMeshActor_UAID_A85E45E3C38935B801_1345881793 Label:FenceX SpatiallyLoaded:1 Bounds:IsValid=true, Min=(X=-338805.630 Y=-457017.811 Z=11633.112), Max=(X=-338753.152 Y=-455404.621 Z=12716.670) RuntimeGrid:None EditorOnly:0 RuntimeOnly:0 HLODRelevant:1
 |   |   |- [+] [ 36]
 |   |   |   |- Guid:AFFD60F54442F793E800E28FDD240E9B BaseClass: NativeClass:/Script/Engine.StaticMeshActor Name:StaticMeshActor_UAID_A85E45E3C38935B801_1415613795 Label:fence_2 SpatiallyLoaded:1 Bounds:IsValid=true, Min=(X=-337304.619 Y=-456987.902 Z=11648.891), Max=(X=-337276.518 Y=-455643.747 Z=12579.505) RuntimeGrid:None EditorOnly:0 RuntimeOnly:0 HLODRelevant:1
 |   |   |- [+] [ 37]
 |   |   |   |- Guid:801800F549365611A30C14AB0A64A92F BaseClass: NativeClass:/Script/Engine.StaticMeshActor Name:StaticMeshActor_UAID_A85E45E3C38935B801_1467697797 Label:FlashLight_Main_Model SpatiallyLoaded:1 Bounds:IsValid=true, Min=(X=-335842.822 Y=-457062.822 Z=11670.034), Max=(X=-335837.178 Y=-457057.178 Z=11686.297) RuntimeGrid:None EditorOnly:0 RuntimeOnly:0 HLODRelevant:1
 |   |   |- [+] [ 38]
 |   |   |   |- Guid:289DF40D49825F551FFFD993195FC1EC BaseClass: NativeClass:/Script/Engine.PlayerStart Name:PlayerStart_UAID_A85E45E3C38937B801_1155085150 Label:PlayerStart SpatiallyLoaded:0 Bounds:IsValid=true, Min=(X=-190600.000 Y=-213600.000 Z=14169.000), Max=(X=-190520.000 Y=-213520.000 Z=14951.000) RuntimeGrid:None EditorOnly:0 RuntimeOnly:0 HLODRelevant:0
 |- ContainerInstances:
 |- [+] MainContainer:
 |   |-        ID: 0x0000000000000000
 |   |-    Bounds: IsValid=true, Min=(X=-338805.630 Y=-465317.500 Z=-50.000), Max=(X=475110.000 Y=250000.000 Z=31550.000)
 |   |- Transform: 0.000000,0.000000,0.000000|0.000000,0.000000,-0.000000|1.000000,1.000000,1.000000
 |   |- Container: /Game/Level1
----------------------------------------------------------------------------------------------------------------
Level1 - Persistent Level
----------------------------------------------------------------------------------------------------------------
Always loaded Actor Count: 50 

----------------------------------------------------------------------------------------------------------------
Level1 - Runtime Spatial Hash - Streaming Grid - MainGrid
----------------------------------------------------------------------------------------------------------------
            Origin: X=0.000 Y=0.000 Z=0.000
         Cell Size: 25600
      World Bounds: IsValid=true, Min=(X=-338805.630 Y=-465317.500 Z=-50.000), Max=(X=475110.000 Y=250000.000 Z=31550.000)
     Loading Range: 76800.00
Block Slow Loading: No
 ClientOnlyVisible: No

[+] Grid Levels: 7
 |- Level  0: Cell Count    6 | Cell Size   25600 | Actor Count   20 (83.3%)
 |- Level  1: Cell Count    0 | Cell Size   51200 | Actor Count    0 (0.0%)
 |- Level  2: Cell Count    1 | Cell Size  102400 | Actor Count    1 (4.2%)
 |- Level  3: Cell Count    1 | Cell Size  204800 | Actor Count    1 (4.2%)
 |- Level  4: Cell Count    1 | Cell Size  409600 | Actor Count    1 (4.2%)
 |- Level  5: Cell Count    1 | Cell Size  819200 | Actor Count    1 (4.2%)
 |- Level  6: Cell Count    0 | Cell Size 1638400 | Actor Count    0 (0.0%)

[+] Content of Grid Level 0
 |- [+] Content of Cell MainGrid_L0_X-5_Y-9
 |   |- Actor Count: 1
 |   |- MinMaxZ: X=17167.498 Y=25469.452
 |   |- Actor Path: /Game/Level1.Level1:PersistentLevel.StaticMeshActor_UAID_A85E45E3C38900B601_1407698358
 |   |- Actor Package: /Game/__ExternalActors__/Level1/A/EC/YOEWI5PGRNKBBL7JSHTIYW
 |- [+] Content of Cell MainGrid_L0_X-1_Y-1
 |   |- Actor Count: 4
 |   |- MinMaxZ: X=0.000 Y=200.000
 |   |- Actor Path: /Game/Level1.Level1:PersistentLevel.LandscapeStreamingProxy_8GCQUEJD1AT8XVK9K30WEY4O2_126_0_0_0
 |   |- Actor Package: /Game/__ExternalActors__/Level1/E/A9/JGGGK9E0SYMLUPJGOHRF9G
 |   |- Actor Path: /Game/Level1.Level1:PersistentLevel.LandscapeStreamingProxy_8GCQUEJD1AT8XVK9K30WEY4O2_126_1_0_0
 |   |- Actor Package: /Game/__ExternalActors__/Level1/3/4U/4XATSYTFV6KD4CGLEZ2APH
 |   |- Actor Path: /Game/Level1.Level1:PersistentLevel.LandscapeStreamingProxy_8GCQUEJD1AT8XVK9K30WEY4O2_126_0_1_0
 |   |- Actor Package: /Game/__ExternalActors__/Level1/1/MR/UCLEH3LSZUMOAXQO33B0GM
 |   |- Actor Path: /Game/Level1.Level1:PersistentLevel.LandscapeStreamingProxy_8GCQUEJD1AT8XVK9K30WEY4O2_126_1_1_0
 |   |- Actor Package: /Game/__ExternalActors__/Level1/C/GY/BYKTP1I2RL5IK0N44JG3WN
 |- [+] Content of Cell MainGrid_L0_X0_Y-1
 |   |- Actor Count: 4
 |   |- MinMaxZ: X=0.000 Y=200.000
 |   |- Actor Path: /Game/Level1.Level1:PersistentLevel.LandscapeStreamingProxy_8GCQUEJD1AT8XVK9K30WEY4O2_126_2_0_0
 |   |- Actor Package: /Game/__ExternalActors__/Level1/8/KV/EQPX2IBHLB1G3337GKWGYY
 |   |- Actor Path: /Game/Level1.Level1:PersistentLevel.LandscapeStreamingProxy_8GCQUEJD1AT8XVK9K30WEY4O2_126_3_0_0
 |   |- Actor Package: /Game/__ExternalActors__/Level1/7/T2/TN0X0Q3504DXDGABMB2Y1E
 |   |- Actor Path: /Game/Level1.Level1:PersistentLevel.LandscapeStreamingProxy_8GCQUEJD1AT8XVK9K30WEY4O2_126_2_1_0
 |   |- Actor Package: /Game/__ExternalActors__/Level1/0/ZY/U29HC8EWIWE3M74R4QCEUU
 |   |- Actor Path: /Game/Level1.Level1:PersistentLevel.LandscapeStreamingProxy_8GCQUEJD1AT8XVK9K30WEY4O2_126_3_1_0
 |   |- Actor Package: /Game/__ExternalActors__/Level1/0/W7/W3LHK08R553HY2PKC44OUS
 |- [+] Content of Cell MainGrid_L0_X-1_Y0
 |   |- Actor Count: 4
 |   |- MinMaxZ: X=0.000 Y=200.000
 |   |- Actor Path: /Game/Level1.Level1:PersistentLevel.LandscapeStreamingProxy_8GCQUEJD1AT8XVK9K30WEY4O2_126_0_2_0
 |   |- Actor Package: /Game/__ExternalActors__/Level1/7/4E/IR6IRJ11QEBVD6MXPIKKPP
 |   |- Actor Path: /Game/Level1.Level1:PersistentLevel.LandscapeStreamingProxy_8GCQUEJD1AT8XVK9K30WEY4O2_126_1_2_0
 |   |- Actor Package: /Game/__ExternalActors__/Level1/B/OO/4MMTWA5VTEXFKOZ0TXQ7N9
 |   |- Actor Path: /Game/Level1.Level1:PersistentLevel.LandscapeStreamingProxy_8GCQUEJD1AT8XVK9K30WEY4O2_126_0_3_0
 |   |- Actor Package: /Game/__ExternalActors__/Level1/5/LH/6TWPHBVUPX29K5U5IUKO4U
 |   |- Actor Path: /Game/Level1.Level1:PersistentLevel.LandscapeStreamingProxy_8GCQUEJD1AT8XVK9K30WEY4O2_126_1_3_0
 |   |- Actor Package: /Game/__ExternalActors__/Level1/9/Q1/2VHMD3MUCE81R2MRHKXSGJ
 |- [+] Content of Cell MainGrid_L0_X0_Y0
 |   |- Actor Count: 4
 |   |- MinMaxZ: X=0.000 Y=200.000
 |   |- Actor Path: /Game/Level1.Level1:PersistentLevel.LandscapeStreamingProxy_8GCQUEJD1AT8XVK9K30WEY4O2_126_2_2_0
 |   |- Actor Package: /Game/__ExternalActors__/Level1/3/DA/WAGJ9V0GSWDV8YQNVD53RS
 |   |- Actor Path: /Game/Level1.Level1:PersistentLevel.LandscapeStreamingProxy_8GCQUEJD1AT8XVK9K30WEY4O2_126_3_2_0
 |   |- Actor Package: /Game/__ExternalActors__/Level1/4/45/PDCC9K89JWDSW9FCLWYTZH
 |   |- Actor Path: /Game/Level1.Level1:PersistentLevel.LandscapeStreamingProxy_8GCQUEJD1AT8XVK9K30WEY4O2_126_2_3_0
 |   |- Actor Package: /Game/__ExternalActors__/Level1/6/HP/ZMYPI2NIOXJ2EM9ZTEYZA6
 |   |- Actor Path: /Game/Level1.Level1:PersistentLevel.LandscapeStreamingProxy_8GCQUEJD1AT8XVK9K30WEY4O2_126_3_3_0
 |   |- Actor Package: /Game/__ExternalActors__/Level1/B/TF/9NC6L70CWD3TSO3B5F6CZJ
 |- [+] Content of Cell MainGrid_L0_X-14_Y-18
 |   |- Actor Count: 3
 |   |- MinMaxZ: X=11633.112 Y=12716.670
 |   |- Actor Path: /Game/Level1.Level1:PersistentLevel.StaticMeshActor_UAID_A85E45E3C38935B801_1345881793
 |   |- Actor Package: /Game/__ExternalActors__/Level1/8/2B/1ZMENIZIUOA7MUWHU6N2U5
 |   |- Actor Path: /Game/Level1.Level1:PersistentLevel.StaticMeshActor_UAID_A85E45E3C38935B801_1415613795
 |   |- Actor Package: /Game/__ExternalActors__/Level1/6/33/HYHR894P62RUBLLAG16DU3
 |   |- Actor Path: /Game/Level1.Level1:PersistentLevel.StaticMeshActor_UAID_A85E45E3C38935B801_1467697797
 |   |- Actor Package: /Game/__ExternalActors__/Level1/3/EV/08FIMLNC5S95QMXXHWV17E
[+] Content of Grid Level 1
[+] Content of Grid Level 2
 |- [+] Content of Cell MainGrid_L2_X-1_Y-5
 |   |- Actor Count: 1
 |   |- MinMaxZ: X=11580.975 Y=31055.975
 |   |- Actor Path: /Game/Level1.Level1:PersistentLevel.StaticMeshActor_UAID_A85E45E3C389FFB501_1603978176
 |   |- Actor Package: /Game/__ExternalActors__/Level1/9/GR/66HUZS8J38W0FFLN4JEGKU
[+] Content of Grid Level 3
 |- [+] Content of Cell MainGrid_L3_X0_Y-2
 |   |- Actor Count: 1
 |   |- MinMaxZ: X=11550.000 Y=31550.000
 |   |- Actor Path: /Game/Level1.Level1:PersistentLevel.StaticMeshActor_UAID_A85E45E3C389FFB501_1672502177
 |   |- Actor Package: /Game/__ExternalActors__/Level1/5/NK/KFQE1CDVN835X9O95H7NMW
[+] Content of Grid Level 4
 |- [+] Content of Cell MainGrid_L4_X-1_Y-1
 |   |- Actor Count: 1
 |   |- MinMaxZ: X=12674.062 Y=12847.438
 |   |- Actor Path: /Game/Level1.Level1:PersistentLevel.StaticMeshActor_UAID_A85E45E3C389FEB501_1656547999
 |   |- Actor Package: /Game/__ExternalActors__/Level1/4/1Y/HLILDO6BFLZ7XMW9N663PV
[+] Content of Grid Level 5
 |- [+] Content of Cell MainGrid_L5_X0_Y-1
 |   |- Actor Count: 1
 |   |- MinMaxZ: X=11580.975 Y=31055.975
 |   |- Actor Path: /Game/Level1.Level1:PersistentLevel.StaticMeshActor_UAID_A85E45E3C389FFB501_1827104179
 |   |- Actor Package: /Game/__ExternalActors__/Level1/3/3I/O6OP1KBRKFR7DQSIQCD2W2
[+] Content of Grid Level 6

